<?xml version="1.0" encoding="UTF-8"?>
<!-- Generated by org.testng.reporters.JUnitReportReporter -->
<testsuite hostname="DESKTOP-N0V0TF5" failures="0" tests="2" name="com.crm.orgTest.OrganizationTest" time="0.015" errors="0" timestamp="2022-01-27T17:37:11 IST" skipped="0">
  <testcase classname="com.crm.orgTest.OrganizationTest" name="modifyOrgTest" time="0.002"/>
  <system-out/>
  <testcase classname="com.crm.orgTest.OrganizationTest" name="createOrgTest" time="0.013"/>
  <system-out/>
</testsuite> <!-- com.crm.orgTest.OrganizationTest -->
