<?xml version="1.0" encoding="UTF-8"?>
<!-- Generated by org.testng.reporters.JUnitReportReporter -->
<testsuite hostname="DESKTOP-N0V0TF5" failures="0" tests="3" name="com.crm.contactTest.ContactTest" time="0.018" errors="0" timestamp="2022-01-27T17:50:19 IST" skipped="0">
  <testcase classname="com.crm.contactTest.ContactTest" name="createContactTest" time="0.009"/>
  <system-out/>
  <testcase classname="com.crm.contactTest.ContactTest" name="deleteContactTest" time="0.001"/>
  <system-out/>
  <testcase classname="com.crm.contactTest.ContactTest" name="modifyContactTest" time="0.008"/>
  <system-out/>
</testsuite> <!-- com.crm.contactTest.ContactTest -->
